<?xml version="1.0" encoding="UTF-8"?>
<testsuite xmlns:xsi="http://www.w3.org/2001/XMLSchema-instance" xsi:noNamespaceSchemaLocation="https://maven.apache.org/surefire/maven-surefire-plugin/xsd/surefire-test-report.xsd" name="lucenex.SamplesTest" time="2.283" tests="17" errors="0" skipped="0" failures="0">
  <properties>
    <property name="java.specification.version" value="17"/>
    <property name="sun.jnu.encoding" value="UTF-8"/>
    <property name="java.class.path" value="/Users/danielepica/Documents/GitHub/ing-dati-homework2/target/test-classes:/Users/danielepica/Documents/GitHub/ing-dati-homework2/target/classes:/Users/danielepica/.m2/repository/org/apache/lucene/lucene-test-framework/9.8.0/lucene-test-framework-9.8.0.jar:/Users/danielepica/.m2/repository/com/carrotsearch/randomizedtesting/randomizedtesting-runner/2.8.1/randomizedtesting-runner-2.8.1.jar:/Users/danielepica/.m2/repository/org/hamcrest/hamcrest/2.2/hamcrest-2.2.jar:/Users/danielepica/.m2/repository/org/apache/lucene/lucene-codecs/9.8.0/lucene-codecs-9.8.0.jar:/Users/danielepica/.m2/repository/org/apache/lucene/lucene-misc/9.8.0/lucene-misc-9.8.0.jar:/Users/danielepica/.m2/repository/org/apache/lucene/lucene-queryparser/9.8.0/lucene-queryparser-9.8.0.jar:/Users/danielepica/.m2/repository/org/apache/lucene/lucene-queries/9.8.0/lucene-queries-9.8.0.jar:/Users/danielepica/.m2/repository/org/apache/lucene/lucene-classification/9.8.0/lucene-classification-9.8.0.jar:/Users/danielepica/.m2/repository/org/apache/lucene/lucene-grouping/9.8.0/lucene-grouping-9.8.0.jar:/Users/danielepica/.m2/repository/org/apache/lucene/lucene-core/9.8.0/lucene-core-9.8.0.jar:/Users/danielepica/.m2/repository/org/apache/lucene/lucene-backward-codecs/9.8.0/lucene-backward-codecs-9.8.0.jar:/Users/danielepica/.m2/repository/org/apache/lucene/lucene-sandbox/9.8.0/lucene-sandbox-9.8.0.jar:/Users/danielepica/.m2/repository/org/apache/lucene/lucene-spatial-extras/9.8.0/lucene-spatial-extras-9.8.0.jar:/Users/danielepica/.m2/repository/org/locationtech/spatial4j/spatial4j/0.8/spatial4j-0.8.jar:/Users/danielepica/.m2/repository/io/sgr/s2-geometry-library-java/1.0.0/s2-geometry-library-java-1.0.0.jar:/Users/danielepica/.m2/repository/org/apache/lucene/lucene-spatial3d/9.8.0/lucene-spatial3d-9.8.0.jar:/Users/danielepica/.m2/repository/org/apache/lucene/lucene-analysis-common/9.8.0/lucene-analysis-common-9.8.0.jar:/Users/danielepica/.m2/repository/org/apache/lucene/lucene-suggest/9.8.0/lucene-suggest-9.8.0.jar:/Users/danielepica/.m2/repository/junit/junit/4.13.1/junit-4.13.1.jar:/Users/danielepica/.m2/repository/org/hamcrest/hamcrest-core/1.3/hamcrest-core-1.3.jar:"/>
    <property name="java.vm.vendor" value="Amazon.com Inc."/>
    <property name="sun.arch.data.model" value="64"/>
    <property name="java.vendor.url" value="https://aws.amazon.com/corretto/"/>
    <property name="os.name" value="Mac OS X"/>
    <property name="java.vm.specification.version" value="17"/>
    <property name="sun.java.launcher" value="SUN_STANDARD"/>
    <property name="user.country" value="IT"/>
    <property name="sun.boot.library.path" value="/Users/danielepica/Library/Java/JavaVirtualMachines/corretto-17.0.6/Contents/Home/lib"/>
    <property name="sun.java.command" value="/Users/danielepica/Documents/GitHub/ing-dati-homework2/target/surefire/surefirebooter4952588722307062619.jar /Users/danielepica/Documents/GitHub/ing-dati-homework2/target/surefire 2023-10-23T19-20-15_645-jvmRun1 surefire13507530894684745525tmp surefire_09951169102577656432tmp"/>
    <property name="http.nonProxyHosts" value="local|*.local|169.254/16|*.169.254/16"/>
    <property name="jdk.debug" value="release"/>
    <property name="surefire.test.class.path" value="/Users/danielepica/Documents/GitHub/ing-dati-homework2/target/test-classes:/Users/danielepica/Documents/GitHub/ing-dati-homework2/target/classes:/Users/danielepica/.m2/repository/org/apache/lucene/lucene-test-framework/9.8.0/lucene-test-framework-9.8.0.jar:/Users/danielepica/.m2/repository/com/carrotsearch/randomizedtesting/randomizedtesting-runner/2.8.1/randomizedtesting-runner-2.8.1.jar:/Users/danielepica/.m2/repository/org/hamcrest/hamcrest/2.2/hamcrest-2.2.jar:/Users/danielepica/.m2/repository/org/apache/lucene/lucene-codecs/9.8.0/lucene-codecs-9.8.0.jar:/Users/danielepica/.m2/repository/org/apache/lucene/lucene-misc/9.8.0/lucene-misc-9.8.0.jar:/Users/danielepica/.m2/repository/org/apache/lucene/lucene-queryparser/9.8.0/lucene-queryparser-9.8.0.jar:/Users/danielepica/.m2/repository/org/apache/lucene/lucene-queries/9.8.0/lucene-queries-9.8.0.jar:/Users/danielepica/.m2/repository/org/apache/lucene/lucene-classification/9.8.0/lucene-classification-9.8.0.jar:/Users/danielepica/.m2/repository/org/apache/lucene/lucene-grouping/9.8.0/lucene-grouping-9.8.0.jar:/Users/danielepica/.m2/repository/org/apache/lucene/lucene-core/9.8.0/lucene-core-9.8.0.jar:/Users/danielepica/.m2/repository/org/apache/lucene/lucene-backward-codecs/9.8.0/lucene-backward-codecs-9.8.0.jar:/Users/danielepica/.m2/repository/org/apache/lucene/lucene-sandbox/9.8.0/lucene-sandbox-9.8.0.jar:/Users/danielepica/.m2/repository/org/apache/lucene/lucene-spatial-extras/9.8.0/lucene-spatial-extras-9.8.0.jar:/Users/danielepica/.m2/repository/org/locationtech/spatial4j/spatial4j/0.8/spatial4j-0.8.jar:/Users/danielepica/.m2/repository/io/sgr/s2-geometry-library-java/1.0.0/s2-geometry-library-java-1.0.0.jar:/Users/danielepica/.m2/repository/org/apache/lucene/lucene-spatial3d/9.8.0/lucene-spatial3d-9.8.0.jar:/Users/danielepica/.m2/repository/org/apache/lucene/lucene-analysis-common/9.8.0/lucene-analysis-common-9.8.0.jar:/Users/danielepica/.m2/repository/org/apache/lucene/lucene-suggest/9.8.0/lucene-suggest-9.8.0.jar:/Users/danielepica/.m2/repository/junit/junit/4.13.1/junit-4.13.1.jar:/Users/danielepica/.m2/repository/org/hamcrest/hamcrest-core/1.3/hamcrest-core-1.3.jar:"/>
    <property name="sun.cpu.endian" value="little"/>
    <property name="user.home" value="/Users/danielepica"/>
    <property name="user.language" value="it"/>
    <property name="java.specification.vendor" value="Oracle Corporation"/>
    <property name="java.version.date" value="2023-01-17"/>
    <property name="java.home" value="/Users/danielepica/Library/Java/JavaVirtualMachines/corretto-17.0.6/Contents/Home"/>
    <property name="file.separator" value="/"/>
    <property name="basedir" value="/Users/danielepica/Documents/GitHub/ing-dati-homework2"/>
    <property name="java.vm.compressedOopsMode" value="Zero based"/>
    <property name="line.separator" value="&#10;"/>
    <property name="java.vm.specification.vendor" value="Oracle Corporation"/>
    <property name="java.specification.name" value="Java Platform API Specification"/>
    <property name="surefire.real.class.path" value="/Users/danielepica/Documents/GitHub/ing-dati-homework2/target/surefire/surefirebooter4952588722307062619.jar"/>
    <property name="sun.management.compiler" value="HotSpot 64-Bit Tiered Compilers"/>
    <property name="ftp.nonProxyHosts" value="local|*.local|169.254/16|*.169.254/16"/>
    <property name="java.runtime.version" value="17.0.6+10-LTS"/>
    <property name="user.name" value="danielepica"/>
    <property name="path.separator" value=":"/>
    <property name="os.version" value="12.6.1"/>
    <property name="java.runtime.name" value="OpenJDK Runtime Environment"/>
    <property name="file.encoding" value="UTF-8"/>
    <property name="java.vm.name" value="OpenJDK 64-Bit Server VM"/>
    <property name="java.vendor.version" value="Corretto-17.0.6.10.1"/>
    <property name="localRepository" value="/Users/danielepica/.m2/repository"/>
    <property name="java.vendor.url.bug" value="https://github.com/corretto/corretto-17/issues/"/>
    <property name="java.io.tmpdir" value="/var/folders/t7/7795c57s1gg7w0jm6btz_vb00000gn/T/"/>
    <property name="idea.version" value="2022.3.1"/>
    <property name="java.version" value="17.0.6"/>
    <property name="user.dir" value="/Users/danielepica/Documents/GitHub/ing-dati-homework2"/>
    <property name="os.arch" value="x86_64"/>
    <property name="java.vm.specification.name" value="Java Virtual Machine Specification"/>
    <property name="native.encoding" value="UTF-8"/>
    <property name="java.library.path" value="/Users/danielepica/Library/Java/Extensions:/Library/Java/Extensions:/Network/Library/Java/Extensions:/System/Library/Java/Extensions:/usr/lib/java:."/>
    <property name="java.vm.info" value="mixed mode, sharing"/>
    <property name="java.vendor" value="Amazon.com Inc."/>
    <property name="java.vm.version" value="17.0.6+10-LTS"/>
    <property name="sun.io.unicode.encoding" value="UnicodeBig"/>
    <property name="socksNonProxyHosts" value="local|*.local|169.254/16|*.169.254/16"/>
    <property name="java.class.version" value="61.0"/>
  </properties>
  <testcase name="testIndexingAndSearchTQOnStringField" classname="lucenex.SamplesTest" time="0.78"/>
  <testcase name="testHomework2" classname="lucenex.SamplesTest" time="0.133"/>
  <testcase name="testIndexingAndSearchQPHomework" classname="lucenex.SamplesTest" time="0.175"/>
  <testcase name="testReaderFile" classname="lucenex.SamplesTest" time="0.003"/>
  <testcase name="testAnalyzer" classname="lucenex.SamplesTest" time="0.022"/>
  <testcase name="testIndexingAndSearchAllWithCodec" classname="lucenex.SamplesTest" time="0.122"/>
  <testcase name="testRankingWithDifferentSimilarities" classname="lucenex.SamplesTest" time="0.236"/>
  <testcase name="testIndexingAndSearchBQ" classname="lucenex.SamplesTest" time="0.079"/>
  <testcase name="testIndexingAndSearchPQ" classname="lucenex.SamplesTest" time="0.063"/>
  <testcase name="testIndexingAndSearchQP" classname="lucenex.SamplesTest" time="0.051"/>
  <testcase name="testIndexingAndSearchTQ" classname="lucenex.SamplesTest" time="0.044"/>
  <testcase name="testIndexingAndSearchPQWithSlop" classname="lucenex.SamplesTest" time="0.06"/>
  <testcase name="testIndexingAndSearchAllHomework2" classname="lucenex.SamplesTest" time="0.082"/>
  <testcase name="testIndexStatistics" classname="lucenex.SamplesTest" time="0.046"/>
  <testcase name="testIndexingAndSearchPQHomework" classname="lucenex.SamplesTest" time="0.07"/>
  <testcase name="testIndexingAndSearchAll" classname="lucenex.SamplesTest" time="0.077"/>
  <testcase name="testIndexingAndSearchPQ2" classname="lucenex.SamplesTest" time="0.166"/>
</testsuite>